TN:
SF:/Users/jays/hacktiv/pinal_projec/server/app.js
FN:18,(anonymous_0)
FN:34,(anonymous_1)
FNF:2
FNH:0
FNDA:0,(anonymous_0)
FNDA:0,(anonymous_1)
DA:1,0
DA:2,0
DA:3,0
DA:6,0
DA:7,0
DA:8,0
DA:9,0
DA:10,0
DA:11,0
DA:12,0
DA:13,0
DA:15,0
DA:19,0
DA:20,0
DA:23,0
DA:24,0
DA:25,0
DA:28,0
DA:30,0
DA:32,0
DA:34,0
LF:21
LH:0
BRDA:1,0,0,0
BRDA:1,0,1,0
BRDA:1,1,0,0
BRDA:1,1,1,0
BRDA:11,2,0,0
BRDA:11,2,1,0
BRDA:12,3,0,0
BRDA:12,3,1,0
BRDA:19,4,0,0
BRDA:19,4,1,0
BRDA:20,5,0,0
BRDA:20,5,1,0
BRF:12
BRH:0
end_of_record
TN:
SF:/Users/jays/hacktiv/pinal_projec/server/tes.js
FN:16,(anonymous_0)
FN:19,(anonymous_1)
FN:27,(anonymous_2)
FN:35,importExcelData2MongoDB
FN:75,(anonymous_4)
FN:78,(anonymous_5)
FN:92,(anonymous_6)
FNF:7
FNH:0
FNDA:0,(anonymous_0)
FNDA:0,(anonymous_1)
FNDA:0,(anonymous_2)
FNDA:0,importExcelData2MongoDB
FNDA:0,(anonymous_4)
FNDA:0,(anonymous_5)
FNDA:0,(anonymous_6)
DA:1,0
DA:2,0
DA:3,0
DA:5,0
DA:6,0
DA:8,0
DA:10,0
DA:12,0
DA:15,0
DA:17,0
DA:20,0
DA:24,0
DA:27,0
DA:28,0
DA:29,0
DA:37,0
DA:59,0
DA:75,0
DA:76,0
DA:77,0
DA:78,0
DA:79,0
DA:80,0
DA:84,0
DA:88,0
DA:92,0
DA:94,0
DA:95,0
DA:97,0
LF:29
LH:0
BRDA:76,0,0,0
BRDA:76,0,1,0
BRDA:79,1,0,0
BRDA:79,1,1,0
BRF:4
BRH:0
end_of_record
TN:
SF:/Users/jays/hacktiv/pinal_projec/server/controllers/company.js
FN:7,(anonymous_0)
FN:16,(anonymous_1)
FN:30,(anonymous_2)
FNF:3
FNH:0
FNDA:0,(anonymous_0)
FNDA:0,(anonymous_1)
FNDA:0,(anonymous_2)
DA:1,0
DA:2,0
DA:3,0
DA:8,0
DA:9,0
DA:10,0
DA:12,0
DA:17,0
DA:18,0
DA:19,0
DA:20,0
DA:21,0
DA:22,0
DA:23,0
DA:24,0
DA:26,0
DA:31,0
DA:32,0
DA:33,0
DA:34,0
DA:35,0
DA:37,0
DA:38,0
DA:40,0
DA:45,0
LF:25
LH:0
BRDA:20,0,0,0
BRDA:20,0,1,0
BRDA:20,1,0,0
BRDA:20,1,1,0
BRDA:34,2,0,0
BRDA:34,2,1,0
BRDA:34,3,0,0
BRDA:34,3,1,0
BRF:8
BRH:0
end_of_record
TN:
SF:/Users/jays/hacktiv/pinal_projec/server/controllers/employee.js
FN:9,(anonymous_0)
FN:18,(anonymous_1)
FN:31,(anonymous_2)
FN:40,(anonymous_3)
FN:47,(anonymous_4)
FN:64,(anonymous_5)
FN:76,(anonymous_6)
FN:90,(anonymous_7)
FN:102,(anonymous_8)
FN:116,(anonymous_9)
FN:130,(anonymous_10)
FNF:11
FNH:0
FNDA:0,(anonymous_0)
FNDA:0,(anonymous_1)
FNDA:0,(anonymous_2)
FNDA:0,(anonymous_3)
FNDA:0,(anonymous_4)
FNDA:0,(anonymous_5)
FNDA:0,(anonymous_6)
FNDA:0,(anonymous_7)
FNDA:0,(anonymous_8)
FNDA:0,(anonymous_9)
FNDA:0,(anonymous_10)
DA:1,0
DA:2,0
DA:3,0
DA:4,0
DA:5,0
DA:6,0
DA:10,0
DA:11,0
DA:12,0
DA:14,0
DA:19,0
DA:20,0
DA:23,0
DA:24,0
DA:25,0
DA:27,0
DA:32,0
DA:33,0
DA:34,0
DA:36,0
DA:41,0
DA:42,0
DA:43,0
DA:44,0
DA:45,0
DA:46,0
DA:47,0
DA:49,0
DA:53,0
DA:54,0
DA:56,0
DA:57,0
DA:58,0
DA:60,0
DA:65,0
DA:66,0
DA:67,0
DA:68,0
DA:69,0
DA:70,0
DA:72,0
DA:77,0
DA:78,0
DA:79,0
DA:80,0
DA:81,0
DA:82,0
DA:83,0
DA:84,0
DA:86,0
DA:91,0
DA:92,0
DA:93,0
DA:94,0
DA:95,0
DA:96,0
DA:98,0
DA:103,0
DA:104,0
DA:105,0
DA:106,0
DA:107,0
DA:108,0
DA:109,0
DA:110,0
DA:112,0
DA:117,0
DA:118,0
DA:119,0
DA:120,0
DA:121,0
DA:122,0
DA:123,0
DA:124,0
DA:126,0
DA:131,0
DA:132,0
DA:133,0
DA:134,0
DA:135,0
DA:136,0
DA:137,0
DA:138,0
DA:139,0
DA:141,0
DA:146,0
LF:86
LH:0
BRDA:23,0,0,0
BRDA:23,0,1,0
BRDA:42,1,0,0
BRDA:42,1,1,0
BRDA:79,2,0,0
BRDA:79,2,1,0
BRDA:93,3,0,0
BRDA:93,3,1,0
BRDA:105,4,0,0
BRDA:105,4,1,0
BRDA:107,5,0,0
BRDA:107,5,1,0
BRDA:119,6,0,0
BRDA:119,6,1,0
BRDA:134,7,0,0
BRDA:134,7,1,0
BRF:16
BRH:0
end_of_record
TN:
SF:/Users/jays/hacktiv/pinal_projec/server/helpers/bcrypt.js
FN:4,(anonymous_0)
FN:8,(anonymous_1)
FNF:2
FNH:0
FNDA:0,(anonymous_0)
FNDA:0,(anonymous_1)
DA:1,0
DA:3,0
DA:5,0
DA:6,0
DA:9,0
LF:5
LH:0
BRF:0
BRH:0
end_of_record
TN:
SF:/Users/jays/hacktiv/pinal_projec/server/helpers/convertExcel.js
FN:6,(anonymous_0)
FNF:1
FNH:0
FNDA:0,(anonymous_0)
DA:1,0
DA:2,0
DA:6,0
DA:7,0
LF:4
LH:0
BRF:0
BRH:0
end_of_record
TN:
SF:/Users/jays/hacktiv/pinal_projec/server/helpers/getContacts.js
FN:3,(anonymous_0)
FNF:1
FNH:0
FNDA:0,(anonymous_0)
DA:1,0
DA:3,0
LF:2
LH:0
BRF:0
BRH:0
end_of_record
TN:
SF:/Users/jays/hacktiv/pinal_projec/server/helpers/google-cloud-storage.js
FN:14,(anonymous_0)
FN:17,(anonymous_1)
FN:25,(anonymous_2)
FN:26,(anonymous_3)
FNF:4
FNH:0
FNDA:0,(anonymous_0)
FNDA:0,(anonymous_1)
FNDA:0,(anonymous_2)
FNDA:0,(anonymous_3)
DA:2,0
DA:4,0
DA:5,0
DA:7,0
DA:12,0
DA:14,0
DA:17,0
DA:18,0
DA:20,0
DA:21,0
DA:22,0
DA:24,0
DA:25,0
DA:26,0
LF:14
LH:0
BRDA:18,0,0,0
BRDA:18,0,1,0
BRF:2
BRH:0
end_of_record
TN:
SF:/Users/jays/hacktiv/pinal_projec/server/helpers/jwt.js
FN:5,(anonymous_0)
FN:8,(anonymous_1)
FNF:2
FNH:0
FNDA:0,(anonymous_0)
FNDA:0,(anonymous_1)
DA:1,0
DA:4,0
DA:6,0
DA:9,0
LF:4
LH:0
BRF:0
BRH:0
end_of_record
TN:
SF:/Users/jays/hacktiv/pinal_projec/server/middlewares/errorHandler.js
FN:1,(anonymous_0)
FNF:1
FNH:0
FNDA:0,(anonymous_0)
DA:1,0
DA:2,0
DA:3,0
DA:4,0
DA:5,0
DA:6,0
DA:9,0
DA:10,0
DA:11,0
DA:13,0
DA:14,0
DA:16,0
DA:17,0
DA:18,0
DA:19,0
DA:20,0
DA:22,0
DA:24,0
DA:25,0
DA:26,0
DA:27,0
DA:29,0
DA:30,0
LF:23
LH:0
BRDA:4,0,0,0
BRDA:4,0,1,0
BRDA:9,1,0,0
BRDA:9,1,1,0
BRDA:17,2,0,0
BRDA:17,2,1,0
BRDA:19,3,0,0
BRDA:19,3,1,0
BRDA:25,4,0,0
BRDA:25,4,1,0
BRDA:25,5,0,0
BRDA:25,5,1,0
BRF:12
BRH:0
end_of_record
TN:
SF:/Users/jays/hacktiv/pinal_projec/server/middlewares/gcs.js
FN:12,(anonymous_0)
FN:28,(anonymous_1)
FN:33,(anonymous_2)
FN:36,(anonymous_3)
FNF:4
FNH:0
FNDA:0,(anonymous_0)
FNDA:0,(anonymous_1)
FNDA:0,(anonymous_2)
FNDA:0,(anonymous_3)
DA:1,0
DA:3,0
DA:12,0
DA:13,0
DA:14,0
DA:17,0
DA:18,0
DA:19,0
DA:20,0
DA:22,0
DA:28,0
DA:29,0
DA:30,0
DA:33,0
DA:34,0
DA:35,0
DA:37,0
DA:38,0
DA:42,0
LF:19
LH:0
BRDA:13,0,0,0
BRDA:13,0,1,0
BRF:2
BRH:0
end_of_record
TN:
SF:/Users/jays/hacktiv/pinal_projec/server/models/companies.js
FN:21,(anonymous_0)
FN:22,(anonymous_1)
FN:25,(anonymous_2)
FN:32,(anonymous_3)
FN:40,(anonymous_4)
FN:43,(anonymous_5)
FN:46,(anonymous_6)
FN:59,(anonymous_7)
FNF:8
FNH:0
FNDA:0,(anonymous_0)
FNDA:0,(anonymous_1)
FNDA:0,(anonymous_2)
FNDA:0,(anonymous_3)
FNDA:0,(anonymous_4)
FNDA:0,(anonymous_5)
FNDA:0,(anonymous_6)
FNDA:0,(anonymous_7)
DA:1,0
DA:2,0
DA:4,0
DA:22,0
DA:23,0
DA:24,0
DA:26,0
DA:27,0
DA:29,0
DA:33,0
DA:36,0
DA:40,0
DA:44,0
DA:46,0
DA:59,0
DA:60,0
DA:61,0
DA:63,0
DA:64,0
DA:68,0
DA:70,0
LF:21
LH:0
BRDA:23,0,0,0
BRDA:23,0,1,0
BRDA:26,1,0,0
BRDA:26,1,1,0
BRDA:60,2,0,0
BRDA:60,2,1,0
BRF:6
BRH:0
end_of_record
TN:
SF:/Users/jays/hacktiv/pinal_projec/server/models/employees.js
FNF:0
FNH:0
DA:1,0
DA:3,0
DA:35,0
DA:37,0
LF:4
LH:0
BRF:0
BRH:0
end_of_record
TN:
SF:/Users/jays/hacktiv/pinal_projec/server/routes/company.js
FNF:0
FNH:0
DA:1,0
DA:2,0
DA:3,0
DA:4,0
DA:5,0
DA:12,0
DA:13,0
DA:15,0
LF:8
LH:0
BRF:0
BRH:0
end_of_record
TN:
SF:/Users/jays/hacktiv/pinal_projec/server/routes/employees.js
FN:6,(anonymous_0)
FN:10,(anonymous_1)
FNF:2
FNH:0
FNDA:0,(anonymous_0)
FNDA:0,(anonymous_1)
DA:1,0
DA:2,0
DA:3,0
DA:5,0
DA:7,0
DA:8,0
DA:11,0
DA:12,0
DA:13,0
DA:17,0
DA:20,0
DA:21,0
DA:22,0
DA:23,0
DA:24,0
DA:25,0
DA:26,0
DA:27,0
DA:30,0
LF:19
LH:0
BRF:0
BRH:0
end_of_record
TN:
SF:/Users/jays/hacktiv/pinal_projec/server/routes/index.js
FNF:0
FNH:0
DA:1,0
DA:2,0
DA:3,0
DA:5,0
DA:6,0
DA:8,0
LF:6
LH:0
BRF:0
BRH:0
end_of_record
